Sep-09 06:13:56.084 [main] DEBUG nextflow.cli.Launcher - $> nextflow align.nf
Sep-09 06:13:56.188 [main] DEBUG nextflow.cli.CmdRun - N E X T F L O W  ~  version 24.04.4
Sep-09 06:13:56.602 [main] DEBUG nextflow.plugin.PluginsFacade - Setting up plugin manager > mode=prod; embedded=false; plugins-dir=/Users/ptv/.nextflow/plugins; core-plugins: nf-amazon@2.5.3,nf-azure@1.6.1,nf-cloudcache@0.4.1,nf-codecommit@0.2.1,nf-console@1.1.3,nf-ga4gh@1.3.0,nf-google@1.13.2-patch1,nf-tower@1.9.1,nf-wave@1.4.2-patch1
Sep-09 06:13:56.614 [main] INFO  o.pf4j.DefaultPluginStatusProvider - Enabled plugins: []
Sep-09 06:13:56.616 [main] INFO  o.pf4j.DefaultPluginStatusProvider - Disabled plugins: []
Sep-09 06:13:56.619 [main] INFO  org.pf4j.DefaultPluginManager - PF4J version 3.12.0 in 'deployment' mode
Sep-09 06:13:56.634 [main] INFO  org.pf4j.AbstractPluginManager - No plugins
Sep-09 06:13:56.694 [main] DEBUG nextflow.cli.CmdRun - Applied DSL=2 from script declaration
Sep-09 06:13:56.728 [main] DEBUG nextflow.cli.CmdRun - Launching `align.nf` [sick_keller] DSL2 - revision: dce719c57a
Sep-09 06:13:56.729 [main] DEBUG nextflow.plugin.PluginsFacade - Plugins default=[]
Sep-09 06:13:56.730 [main] DEBUG nextflow.plugin.PluginsFacade - Plugins resolved requirement=[]
Sep-09 06:13:56.795 [main] DEBUG nextflow.Session - Session UUID: 0af7631b-4b76-46fb-8d0f-c259ce16a98a
Sep-09 06:13:56.796 [main] DEBUG nextflow.Session - Run name: sick_keller
Sep-09 06:13:56.796 [main] DEBUG nextflow.Session - Executor pool size: 12
Sep-09 06:13:56.805 [main] DEBUG nextflow.file.FilePorter - File porter settings maxRetries=3; maxTransfers=50; pollTimeout=null
Sep-09 06:13:56.910 [main] DEBUG nextflow.cli.CmdRun - 
  Version: 24.04.4 build 5917
  Created: 01-08-2024 07:05 UTC (00:05 PDT)
  System: Mac OS X 13.6.9
  Runtime: Groovy 4.0.21 on OpenJDK 64-Bit Server VM 22.0.2
  Encoding: UTF-8 (UTF-8)
  Process: 71197@affinis [192.168.0.3]
  CPUs: 12 - Mem: 16 GB (1.4 GB) - Swap: 1 GB (965 MB) - Virtual threads ON
Sep-09 06:13:56.932 [main] DEBUG nextflow.Session - Work-dir: /Users/ptv/working/workflows/nextflow/wrangling_genomics/work [Mac OS X]
Sep-09 06:13:56.933 [main] DEBUG nextflow.Session - Script base path does not exist or is not a directory: /Users/ptv/working/workflows/nextflow/wrangling_genomics/bin
Sep-09 06:13:56.949 [main] DEBUG nextflow.executor.ExecutorFactory - Extension executors providers=[]
Sep-09 06:13:56.967 [main] DEBUG nextflow.Session - Observer factory: DefaultObserverFactory
Sep-09 06:13:56.996 [main] DEBUG nextflow.cache.CacheFactory - Using Nextflow cache factory: nextflow.cache.DefaultCacheFactory
Sep-09 06:13:57.013 [main] DEBUG nextflow.util.CustomPoolFactory - Creating virtual thread pool
Sep-09 06:13:57.107 [main] DEBUG nextflow.Session - Session start
Sep-09 06:13:57.765 [main] DEBUG nextflow.script.ScriptRunner - > Launching execution
Sep-09 06:13:57.775 [main] DEBUG n.secret.LocalSecretsProvider - Secrets store: /Users/ptv/.nextflow/secrets/store.json
Sep-09 06:13:57.784 [main] DEBUG nextflow.secret.SecretsLoader - Discovered secrets providers: [nextflow.secret.LocalSecretsProvider@2be818da] - activable => nextflow.secret.LocalSecretsProvider@2be818da
Sep-09 06:13:57.793 [main] WARN  nextflow.script.ScriptBinding - Access to undefined parameter `input` -- Initialise it to a default value eg. `params.input = some_value`
Sep-09 06:13:57.800 [main] INFO  nextflow.Nextflow - 
Usage:
nextflow run align.nf --input <> --output <>

Required Arguments:
  --input        Full path to .fasta.gz file to trim
  --output       Folder to place trimmed files

NOTE: this pipeline requires GNU parallel

