Sep-09 07:04:24.520 [AWT-EventQueue-0] DEBUG nextflow.Session - Session UUID: f91866ff-bd64-49fa-8ccd-8ffad00f0a84
Sep-09 07:04:24.530 [AWT-EventQueue-0] DEBUG nextflow.Session - Run name: reverent_shockley
Sep-09 07:04:24.530 [AWT-EventQueue-0] DEBUG nextflow.Session - Executor pool size: 12
Sep-09 07:04:24.548 [AWT-EventQueue-0] DEBUG nextflow.file.FilePorter - File porter settings maxRetries=3; maxTransfers=50; pollTimeout=null
Sep-09 07:04:24.559 [AWT-EventQueue-0] DEBUG nextflow.Session - Work-dir: /Users/ptv/working/workflows/nextflow/ATACseq/work [Mac OS X]
Sep-09 07:04:24.568 [AWT-EventQueue-0] DEBUG nextflow.executor.ExecutorFactory - Extension executors providers=[]
Sep-09 07:04:24.580 [AWT-EventQueue-0] DEBUG nextflow.Session - Observer factory: DefaultObserverFactory
Sep-09 07:04:24.601 [AWT-EventQueue-0] DEBUG nextflow.cache.CacheFactory - Using Nextflow cache factory: nextflow.cache.DefaultCacheFactory
Sep-09 07:04:24.624 [AWT-EventQueue-0] DEBUG nextflow.util.CustomPoolFactory - Creating virtual thread pool
Sep-09 07:04:24.713 [Thread-2] DEBUG nextflow.Session - Session start
Sep-09 07:04:24.789 [Thread-2] DEBUG n.secret.LocalSecretsProvider - Secrets store: /Users/ptv/.nextflow/secrets/store.json
Sep-09 07:04:24.794 [Thread-2] DEBUG nextflow.secret.SecretsLoader - Discovered secrets providers: [nextflow.secret.LocalSecretsProvider@28fda7e5] - activable => nextflow.secret.LocalSecretsProvider@28fda7e5
Sep-09 07:04:24.882 [Thread-2] DEBUG nextflow.Session - Workflow process names [dsl2]: 
Sep-09 07:04:24.882 [Thread-2] DEBUG nextflow.Session - Igniting dataflow network (1)
Sep-09 07:04:24.887 [Thread-2] DEBUG nextflow.Session - Session await
Sep-09 07:04:24.887 [Thread-2] DEBUG nextflow.Session - Session await > all processes finished
Sep-09 07:04:24.887 [Thread-2] DEBUG nextflow.Session - Session await > all barriers passed
Sep-09 07:04:24.889 [PathVisitor-1] DEBUG nextflow.file.PathVisitor - files for syntax: glob; folder: ~/working/raw_data/input/; pattern: **/_R{1,2}.trimmed.fastq.gz; options: [:]
Sep-09 07:04:24.894 [PathVisitor-1] DEBUG nextflow.file.PathVisitor - No such file or directory: ~/working/raw_data/input/ -- Skipping visit
Sep-09 07:04:24.905 [Thread-2] DEBUG n.trace.WorkflowStatsObserver - Workflow completed > WorkflowStats[succeededCount=0; failedCount=0; ignoredCount=0; cachedCount=0; pendingCount=0; submittedCount=0; runningCount=0; retriesCount=0; abortedCount=0; succeedDuration=0ms; failedDuration=0ms; cachedDuration=0ms;loadCpus=0; loadMemory=0; peakRunning=0; peakCpus=0; peakMemory=0; ]
Sep-09 07:04:24.912 [Thread-2] DEBUG nextflow.cache.CacheDB - Closing CacheDB done
Sep-09 07:04:58.411 [AWT-EventQueue-0] DEBUG nextflow.Session - Session UUID: b73b0ab5-5f7f-4b9d-ad5b-c604ab766799
Sep-09 07:04:58.411 [AWT-EventQueue-0] DEBUG nextflow.Session - Run name: scruffy_caravaggio
Sep-09 07:04:58.411 [AWT-EventQueue-0] DEBUG nextflow.Session - Executor pool size: 12
Sep-09 07:04:58.412 [AWT-EventQueue-0] DEBUG nextflow.file.FilePorter - File porter settings maxRetries=3; maxTransfers=50; pollTimeout=null
Sep-09 07:04:58.412 [AWT-EventQueue-0] DEBUG nextflow.Session - Work-dir: /Users/ptv/working/workflows/nextflow/ATACseq/work [Mac OS X]
Sep-09 07:04:58.413 [AWT-EventQueue-0] DEBUG nextflow.executor.ExecutorFactory - Extension executors providers=[]
Sep-09 07:04:58.413 [AWT-EventQueue-0] DEBUG nextflow.Session - Observer factory: DefaultObserverFactory
Sep-09 07:04:58.414 [AWT-EventQueue-0] DEBUG nextflow.cache.CacheFactory - Using Nextflow cache factory: nextflow.cache.DefaultCacheFactory
Sep-09 07:04:58.422 [Thread-3] DEBUG nextflow.Session - Session start
Sep-09 07:04:58.436 [Thread-3] DEBUG nextflow.Session - Workflow process names [dsl2]: 
Sep-09 07:04:58.436 [Thread-3] DEBUG nextflow.Session - Igniting dataflow network (1)
Sep-09 07:04:58.437 [Thread-3] DEBUG nextflow.Session - Session await
Sep-09 07:04:58.437 [PathVisitor-1] DEBUG nextflow.file.PathVisitor - files for syntax: glob; folder: ~/working/raw_data/input/; pattern: **/_R{1,2}.trimmed.fastq.gz; options: [:]
Sep-09 07:04:58.437 [Thread-3] DEBUG nextflow.Session - Session await > all processes finished
Sep-09 07:04:58.437 [Thread-3] DEBUG nextflow.Session - Session await > all barriers passed
Sep-09 07:04:58.438 [PathVisitor-1] DEBUG nextflow.file.PathVisitor - No such file or directory: ~/working/raw_data/input/ -- Skipping visit
Sep-09 07:04:58.439 [Thread-3] DEBUG n.trace.WorkflowStatsObserver - Workflow completed > WorkflowStats[succeededCount=0; failedCount=0; ignoredCount=0; cachedCount=0; pendingCount=0; submittedCount=0; runningCount=0; retriesCount=0; abortedCount=0; succeedDuration=0ms; failedDuration=0ms; cachedDuration=0ms;loadCpus=0; loadMemory=0; peakRunning=0; peakCpus=0; peakMemory=0; ]
Sep-09 07:04:58.440 [Thread-3] DEBUG nextflow.cache.CacheDB - Closing CacheDB done
Sep-09 07:05:35.476 [AWT-EventQueue-0] DEBUG nextflow.Session - Session UUID: 307fdd5b-6dee-4d0f-a3d5-2a8acbc24c34
Sep-09 07:05:35.476 [AWT-EventQueue-0] DEBUG nextflow.Session - Run name: happy_newton
Sep-09 07:05:35.476 [AWT-EventQueue-0] DEBUG nextflow.Session - Executor pool size: 12
Sep-09 07:05:35.476 [AWT-EventQueue-0] DEBUG nextflow.file.FilePorter - File porter settings maxRetries=3; maxTransfers=50; pollTimeout=null
Sep-09 07:05:35.477 [AWT-EventQueue-0] DEBUG nextflow.Session - Work-dir: /Users/ptv/working/workflows/nextflow/ATACseq/work [Mac OS X]
Sep-09 07:05:35.478 [AWT-EventQueue-0] DEBUG nextflow.executor.ExecutorFactory - Extension executors providers=[]
Sep-09 07:05:35.478 [AWT-EventQueue-0] DEBUG nextflow.Session - Observer factory: DefaultObserverFactory
Sep-09 07:05:35.479 [AWT-EventQueue-0] DEBUG nextflow.cache.CacheFactory - Using Nextflow cache factory: nextflow.cache.DefaultCacheFactory
Sep-09 07:05:35.486 [Thread-4] DEBUG nextflow.Session - Session start
Sep-09 07:05:35.500 [Thread-4] DEBUG nextflow.Session - Workflow process names [dsl2]: 
Sep-09 07:05:35.501 [Thread-4] DEBUG nextflow.Session - Igniting dataflow network (1)
Sep-09 07:05:35.501 [Thread-4] DEBUG nextflow.Session - Session await
Sep-09 07:05:35.501 [Thread-4] DEBUG nextflow.Session - Session await > all processes finished
Sep-09 07:05:35.501 [Thread-4] DEBUG nextflow.Session - Session await > all barriers passed
Sep-09 07:05:35.501 [PathVisitor-1] DEBUG nextflow.file.PathVisitor - files for syntax: glob; folder: /Users/ptv/working/raw_data/input/; pattern: *_R{1,2}.trimmed.fastq.gz; options: [:]
Sep-09 07:05:35.528 [Thread-4] DEBUG n.trace.WorkflowStatsObserver - Workflow completed > WorkflowStats[succeededCount=0; failedCount=0; ignoredCount=0; cachedCount=0; pendingCount=0; submittedCount=0; runningCount=0; retriesCount=0; abortedCount=0; succeedDuration=0ms; failedDuration=0ms; cachedDuration=0ms;loadCpus=0; loadMemory=0; peakRunning=0; peakCpus=0; peakMemory=0; ]
Sep-09 07:05:35.529 [Thread-4] DEBUG nextflow.cache.CacheDB - Closing CacheDB done
Sep-09 07:06:58.761 [AWT-EventQueue-0] DEBUG nextflow.Session - Session UUID: c2175d30-31b9-4d9c-aaa5-2f45b63b1f5b
Sep-09 07:06:58.761 [AWT-EventQueue-0] DEBUG nextflow.Session - Run name: angry_davinci
Sep-09 07:06:58.762 [AWT-EventQueue-0] DEBUG nextflow.Session - Executor pool size: 12
Sep-09 07:06:58.762 [AWT-EventQueue-0] DEBUG nextflow.file.FilePorter - File porter settings maxRetries=3; maxTransfers=50; pollTimeout=null
Sep-09 07:06:58.762 [AWT-EventQueue-0] DEBUG nextflow.Session - Work-dir: /Users/ptv/working/workflows/nextflow/ATACseq/work [Mac OS X]
Sep-09 07:06:58.763 [AWT-EventQueue-0] DEBUG nextflow.executor.ExecutorFactory - Extension executors providers=[]
Sep-09 07:06:58.763 [AWT-EventQueue-0] DEBUG nextflow.Session - Observer factory: DefaultObserverFactory
Sep-09 07:06:58.764 [AWT-EventQueue-0] DEBUG nextflow.cache.CacheFactory - Using Nextflow cache factory: nextflow.cache.DefaultCacheFactory
Sep-09 07:06:58.771 [Thread-5] DEBUG nextflow.Session - Session start
Sep-09 07:07:40.272 [AWT-EventQueue-0] DEBUG nextflow.Session - Session UUID: 6128e7a1-fece-44a1-b282-506be3fdbb4d
Sep-09 07:07:40.272 [AWT-EventQueue-0] DEBUG nextflow.Session - Run name: kickass_poitras
Sep-09 07:07:40.272 [AWT-EventQueue-0] DEBUG nextflow.Session - Executor pool size: 12
Sep-09 07:07:40.273 [AWT-EventQueue-0] DEBUG nextflow.file.FilePorter - File porter settings maxRetries=3; maxTransfers=50; pollTimeout=null
Sep-09 07:07:40.273 [AWT-EventQueue-0] DEBUG nextflow.Session - Work-dir: /Users/ptv/working/workflows/nextflow/ATACseq/work [Mac OS X]
Sep-09 07:07:40.274 [AWT-EventQueue-0] DEBUG nextflow.executor.ExecutorFactory - Extension executors providers=[]
Sep-09 07:07:40.274 [AWT-EventQueue-0] DEBUG nextflow.Session - Observer factory: DefaultObserverFactory
Sep-09 07:07:40.275 [AWT-EventQueue-0] DEBUG nextflow.cache.CacheFactory - Using Nextflow cache factory: nextflow.cache.DefaultCacheFactory
Sep-09 07:07:40.282 [Thread-6] DEBUG nextflow.Session - Session start
Sep-09 07:07:40.317 [Thread-6] DEBUG nextflow.Session - Workflow process names [dsl2]: 
Sep-09 07:07:40.317 [Thread-6] DEBUG nextflow.Session - Igniting dataflow network (1)
Sep-09 07:07:40.317 [Thread-6] DEBUG nextflow.Session - Session await
Sep-09 07:07:40.317 [Thread-6] DEBUG nextflow.Session - Session await > all processes finished
Sep-09 07:07:40.317 [Thread-6] DEBUG nextflow.Session - Session await > all barriers passed
Sep-09 07:07:40.317 [PathVisitor-1] DEBUG nextflow.file.PathVisitor - files for syntax: glob; folder: /Users/ptv/working/raw_data/input/; pattern: *_R{1,2}.trimmed.fastq.gz; options: [:]
Sep-09 07:07:40.320 [Thread-6] DEBUG n.trace.WorkflowStatsObserver - Workflow completed > WorkflowStats[succeededCount=0; failedCount=0; ignoredCount=0; cachedCount=0; pendingCount=0; submittedCount=0; runningCount=0; retriesCount=0; abortedCount=0; succeedDuration=0ms; failedDuration=0ms; cachedDuration=0ms;loadCpus=0; loadMemory=0; peakRunning=0; peakCpus=0; peakMemory=0; ]
Sep-09 07:07:40.321 [Thread-6] DEBUG nextflow.cache.CacheDB - Closing CacheDB done
Sep-09 07:08:22.674 [AWT-EventQueue-0] DEBUG nextflow.Session - Session UUID: 30b7715e-0262-4402-a17d-03cbce7dc49d
Sep-09 07:08:22.675 [AWT-EventQueue-0] DEBUG nextflow.Session - Run name: adoring_albattani
Sep-09 07:08:22.675 [AWT-EventQueue-0] DEBUG nextflow.Session - Executor pool size: 12
Sep-09 07:08:22.675 [AWT-EventQueue-0] DEBUG nextflow.file.FilePorter - File porter settings maxRetries=3; maxTransfers=50; pollTimeout=null
Sep-09 07:08:22.676 [AWT-EventQueue-0] DEBUG nextflow.Session - Work-dir: /Users/ptv/working/workflows/nextflow/ATACseq/work [Mac OS X]
Sep-09 07:08:22.677 [AWT-EventQueue-0] DEBUG nextflow.executor.ExecutorFactory - Extension executors providers=[]
Sep-09 07:08:22.677 [AWT-EventQueue-0] DEBUG nextflow.Session - Observer factory: DefaultObserverFactory
Sep-09 07:08:22.677 [AWT-EventQueue-0] DEBUG nextflow.cache.CacheFactory - Using Nextflow cache factory: nextflow.cache.DefaultCacheFactory
Sep-09 07:08:22.686 [Thread-7] DEBUG nextflow.Session - Session start
Sep-09 07:08:22.703 [Thread-7] DEBUG nextflow.Session - Workflow process names [dsl2]: 
Sep-09 07:08:22.703 [Thread-7] DEBUG nextflow.Session - Igniting dataflow network (1)
Sep-09 07:08:22.703 [Thread-7] DEBUG nextflow.Session - Session await
Sep-09 07:08:22.703 [Thread-7] DEBUG nextflow.Session - Session await > all processes finished
Sep-09 07:08:22.703 [Thread-7] DEBUG nextflow.Session - Session await > all barriers passed
Sep-09 07:08:22.703 [PathVisitor-1] DEBUG nextflow.file.PathVisitor - files for syntax: glob; folder: /Users/ptv/working/raw_data/input/; pattern: *_R{1,2}.trimmed.fastq.gz; options: [:]
Sep-09 07:08:22.706 [Thread-7] DEBUG n.trace.WorkflowStatsObserver - Workflow completed > WorkflowStats[succeededCount=0; failedCount=0; ignoredCount=0; cachedCount=0; pendingCount=0; submittedCount=0; runningCount=0; retriesCount=0; abortedCount=0; succeedDuration=0ms; failedDuration=0ms; cachedDuration=0ms;loadCpus=0; loadMemory=0; peakRunning=0; peakCpus=0; peakMemory=0; ]
Sep-09 07:08:22.707 [Thread-7] DEBUG nextflow.cache.CacheDB - Closing CacheDB done
Sep-09 07:08:31.594 [AWT-EventQueue-0] DEBUG nextflow.Session - Session UUID: a5d7b4cd-fa5c-4966-b0ad-2fc043911a25
Sep-09 07:08:31.594 [AWT-EventQueue-0] DEBUG nextflow.Session - Run name: mighty_nightingale
Sep-09 07:08:31.594 [AWT-EventQueue-0] DEBUG nextflow.Session - Executor pool size: 12
Sep-09 07:08:31.594 [AWT-EventQueue-0] DEBUG nextflow.file.FilePorter - File porter settings maxRetries=3; maxTransfers=50; pollTimeout=null
Sep-09 07:08:31.595 [AWT-EventQueue-0] DEBUG nextflow.Session - Work-dir: /Users/ptv/working/workflows/nextflow/ATACseq/work [Mac OS X]
Sep-09 07:08:31.596 [AWT-EventQueue-0] DEBUG nextflow.executor.ExecutorFactory - Extension executors providers=[]
Sep-09 07:08:31.596 [AWT-EventQueue-0] DEBUG nextflow.Session - Observer factory: DefaultObserverFactory
Sep-09 07:08:31.597 [AWT-EventQueue-0] DEBUG nextflow.cache.CacheFactory - Using Nextflow cache factory: nextflow.cache.DefaultCacheFactory
Sep-09 07:08:31.604 [Thread-8] DEBUG nextflow.Session - Session start
Sep-09 07:08:31.622 [Thread-8] DEBUG nextflow.Session - Workflow process names [dsl2]: 
Sep-09 07:08:31.622 [Thread-8] DEBUG nextflow.Session - Igniting dataflow network (1)
Sep-09 07:08:31.622 [Thread-8] DEBUG nextflow.Session - Session await
Sep-09 07:08:31.622 [Thread-8] DEBUG nextflow.Session - Session await > all processes finished
Sep-09 07:08:31.622 [Thread-8] DEBUG nextflow.Session - Session await > all barriers passed
Sep-09 07:08:31.622 [PathVisitor-1] DEBUG nextflow.file.PathVisitor - files for syntax: glob; folder: /Users/ptv/working/raw_data/input/; pattern: *_R{1,2}.trimmed.fastq.gz; options: [:]
Sep-09 07:08:31.625 [Thread-8] DEBUG n.trace.WorkflowStatsObserver - Workflow completed > WorkflowStats[succeededCount=0; failedCount=0; ignoredCount=0; cachedCount=0; pendingCount=0; submittedCount=0; runningCount=0; retriesCount=0; abortedCount=0; succeedDuration=0ms; failedDuration=0ms; cachedDuration=0ms;loadCpus=0; loadMemory=0; peakRunning=0; peakCpus=0; peakMemory=0; ]
Sep-09 07:08:31.626 [Thread-8] DEBUG nextflow.cache.CacheDB - Closing CacheDB done
Sep-09 07:08:46.733 [AWT-EventQueue-0] DEBUG nextflow.Session - Session UUID: d2fbbf75-64ff-42e0-a187-db31a168863f
Sep-09 07:08:46.734 [AWT-EventQueue-0] DEBUG nextflow.Session - Run name: prickly_baekeland
Sep-09 07:08:46.734 [AWT-EventQueue-0] DEBUG nextflow.Session - Executor pool size: 12
Sep-09 07:08:46.734 [AWT-EventQueue-0] DEBUG nextflow.file.FilePorter - File porter settings maxRetries=3; maxTransfers=50; pollTimeout=null
Sep-09 07:08:46.735 [AWT-EventQueue-0] DEBUG nextflow.Session - Work-dir: /Users/ptv/working/workflows/nextflow/ATACseq/work [Mac OS X]
Sep-09 07:08:46.735 [AWT-EventQueue-0] DEBUG nextflow.executor.ExecutorFactory - Extension executors providers=[]
Sep-09 07:08:46.735 [AWT-EventQueue-0] DEBUG nextflow.Session - Observer factory: DefaultObserverFactory
Sep-09 07:08:46.736 [AWT-EventQueue-0] DEBUG nextflow.cache.CacheFactory - Using Nextflow cache factory: nextflow.cache.DefaultCacheFactory
Sep-09 07:08:46.743 [Thread-9] DEBUG nextflow.Session - Session start
Sep-09 07:13:47.974 [AWT-EventQueue-0] DEBUG nextflow.Session - Session UUID: 8eafd0fa-5638-4e89-93ff-f9d99cb4bbec
Sep-09 07:13:47.976 [AWT-EventQueue-0] DEBUG nextflow.Session - Run name: nauseous_mahavira
Sep-09 07:13:47.977 [AWT-EventQueue-0] DEBUG nextflow.Session - Executor pool size: 12
Sep-09 07:13:47.996 [AWT-EventQueue-0] DEBUG nextflow.file.FilePorter - File porter settings maxRetries=3; maxTransfers=50; pollTimeout=null
Sep-09 07:13:48.003 [AWT-EventQueue-0] DEBUG nextflow.Session - Work-dir: /Users/ptv/working/workflows/nextflow/ATACseq/work [Mac OS X]
Sep-09 07:13:48.004 [AWT-EventQueue-0] DEBUG nextflow.executor.ExecutorFactory - Extension executors providers=[]
Sep-09 07:13:48.004 [AWT-EventQueue-0] DEBUG nextflow.Session - Observer factory: DefaultObserverFactory
Sep-09 07:13:48.011 [AWT-EventQueue-0] DEBUG nextflow.cache.CacheFactory - Using Nextflow cache factory: nextflow.cache.DefaultCacheFactory
Sep-09 07:13:48.044 [Thread-10] DEBUG nextflow.Session - Session start
Sep-09 07:13:48.108 [Thread-10] DEBUG nextflow.Session - Workflow process names [dsl2]: 
Sep-09 07:13:48.108 [Thread-10] DEBUG nextflow.Session - Igniting dataflow network (1)
Sep-09 07:13:48.110 [Thread-10] DEBUG nextflow.Session - Session await
Sep-09 07:13:48.110 [Thread-10] DEBUG nextflow.Session - Session await > all processes finished
Sep-09 07:13:48.110 [Thread-10] DEBUG nextflow.Session - Session await > all barriers passed
Sep-09 07:13:48.116 [PathVisitor-1] DEBUG nextflow.file.PathVisitor - files for syntax: glob; folder: /Users/ptv/working/raw_data/input/; pattern: *_R{1,2}.trimmed.fastq.gz; options: [:]
Sep-09 07:13:48.127 [Thread-10] DEBUG n.trace.WorkflowStatsObserver - Workflow completed > WorkflowStats[succeededCount=0; failedCount=0; ignoredCount=0; cachedCount=0; pendingCount=0; submittedCount=0; runningCount=0; retriesCount=0; abortedCount=0; succeedDuration=0ms; failedDuration=0ms; cachedDuration=0ms;loadCpus=0; loadMemory=0; peakRunning=0; peakCpus=0; peakMemory=0; ]
Sep-09 07:13:48.130 [Thread-10] DEBUG nextflow.cache.CacheDB - Closing CacheDB done
Sep-09 09:04:16.435 [AWT-EventQueue-0] DEBUG nextflow.Session - Session UUID: 5b823f74-8f1f-4678-b383-2ace25472094
Sep-09 09:04:16.438 [AWT-EventQueue-0] DEBUG nextflow.Session - Run name: peaceful_laplace
Sep-09 09:04:16.439 [AWT-EventQueue-0] DEBUG nextflow.Session - Executor pool size: 12
Sep-09 09:04:16.441 [AWT-EventQueue-0] DEBUG nextflow.file.FilePorter - File porter settings maxRetries=3; maxTransfers=50; pollTimeout=null
Sep-09 09:04:16.445 [AWT-EventQueue-0] DEBUG nextflow.Session - Work-dir: /Users/ptv/working/workflows/nextflow/ATACseq/work [Mac OS X]
Sep-09 09:04:16.448 [AWT-EventQueue-0] DEBUG nextflow.executor.ExecutorFactory - Extension executors providers=[]
Sep-09 09:04:16.450 [AWT-EventQueue-0] DEBUG nextflow.Session - Observer factory: DefaultObserverFactory
Sep-09 09:04:16.453 [AWT-EventQueue-0] DEBUG nextflow.cache.CacheFactory - Using Nextflow cache factory: nextflow.cache.DefaultCacheFactory
Sep-09 09:04:16.472 [Thread-11] DEBUG nextflow.Session - Session start
Sep-09 09:04:16.520 [Thread-11] DEBUG nextflow.Session - Workflow process names [dsl2]: 
Sep-09 09:04:16.520 [Thread-11] DEBUG nextflow.Session - Igniting dataflow network (1)
Sep-09 09:04:16.521 [Thread-11] DEBUG nextflow.Session - Session await
Sep-09 09:04:16.521 [Thread-11] DEBUG nextflow.Session - Session await > all processes finished
Sep-09 09:04:16.521 [Thread-11] DEBUG nextflow.Session - Session await > all barriers passed
Sep-09 09:04:16.521 [PathVisitor-1] DEBUG nextflow.file.PathVisitor - files for syntax: glob; folder: /Users/ptv/working/raw_data/input/; pattern: _R{1,2}.trimmed.fastq.gz; options: [:]
Sep-09 09:04:16.526 [Thread-11] DEBUG n.trace.WorkflowStatsObserver - Workflow completed > WorkflowStats[succeededCount=0; failedCount=0; ignoredCount=0; cachedCount=0; pendingCount=0; submittedCount=0; runningCount=0; retriesCount=0; abortedCount=0; succeedDuration=0ms; failedDuration=0ms; cachedDuration=0ms;loadCpus=0; loadMemory=0; peakRunning=0; peakCpus=0; peakMemory=0; ]
Sep-09 09:04:16.526 [Thread-11] DEBUG nextflow.cache.CacheDB - Closing CacheDB done
Sep-09 09:04:17.378 [AWT-EventQueue-0] DEBUG nextflow.Session - Session UUID: 25cce27f-7ff2-4dc9-bd25-b5d3ae7c234b
Sep-09 09:04:17.378 [AWT-EventQueue-0] DEBUG nextflow.Session - Run name: boring_visvesvaraya
Sep-09 09:04:17.378 [AWT-EventQueue-0] DEBUG nextflow.Session - Executor pool size: 12
Sep-09 09:04:17.378 [AWT-EventQueue-0] DEBUG nextflow.file.FilePorter - File porter settings maxRetries=3; maxTransfers=50; pollTimeout=null
Sep-09 09:04:17.379 [AWT-EventQueue-0] DEBUG nextflow.Session - Work-dir: /Users/ptv/working/workflows/nextflow/ATACseq/work [Mac OS X]
Sep-09 09:04:17.379 [AWT-EventQueue-0] DEBUG nextflow.executor.ExecutorFactory - Extension executors providers=[]
Sep-09 09:04:17.380 [AWT-EventQueue-0] DEBUG nextflow.Session - Observer factory: DefaultObserverFactory
Sep-09 09:04:17.380 [AWT-EventQueue-0] DEBUG nextflow.cache.CacheFactory - Using Nextflow cache factory: nextflow.cache.DefaultCacheFactory
Sep-09 09:04:17.388 [Thread-12] DEBUG nextflow.Session - Session start
Sep-09 09:04:17.405 [Thread-12] DEBUG nextflow.Session - Workflow process names [dsl2]: 
Sep-09 09:04:17.405 [Thread-12] DEBUG nextflow.Session - Igniting dataflow network (1)
Sep-09 09:04:17.406 [Thread-12] DEBUG nextflow.Session - Session await
Sep-09 09:04:17.406 [Thread-12] DEBUG nextflow.Session - Session await > all processes finished
Sep-09 09:04:17.406 [Thread-12] DEBUG nextflow.Session - Session await > all barriers passed
Sep-09 09:04:17.406 [PathVisitor-1] DEBUG nextflow.file.PathVisitor - files for syntax: glob; folder: /Users/ptv/working/raw_data/input/; pattern: _R{1,2}.trimmed.fastq.gz; options: [:]
Sep-09 09:04:17.408 [Thread-12] DEBUG n.trace.WorkflowStatsObserver - Workflow completed > WorkflowStats[succeededCount=0; failedCount=0; ignoredCount=0; cachedCount=0; pendingCount=0; submittedCount=0; runningCount=0; retriesCount=0; abortedCount=0; succeedDuration=0ms; failedDuration=0ms; cachedDuration=0ms;loadCpus=0; loadMemory=0; peakRunning=0; peakCpus=0; peakMemory=0; ]
Sep-09 09:04:17.408 [Thread-12] DEBUG nextflow.cache.CacheDB - Closing CacheDB done
Sep-09 09:04:39.939 [AWT-EventQueue-0] DEBUG nextflow.Session - Session UUID: d52818b5-87eb-42ed-b45e-59cb4ea45c08
Sep-09 09:04:39.940 [AWT-EventQueue-0] DEBUG nextflow.Session - Run name: cranky_liskov
Sep-09 09:04:39.940 [AWT-EventQueue-0] DEBUG nextflow.Session - Executor pool size: 12
Sep-09 09:04:39.940 [AWT-EventQueue-0] DEBUG nextflow.file.FilePorter - File porter settings maxRetries=3; maxTransfers=50; pollTimeout=null
Sep-09 09:04:39.941 [AWT-EventQueue-0] DEBUG nextflow.Session - Work-dir: /Users/ptv/working/workflows/nextflow/ATACseq/work [Mac OS X]
Sep-09 09:04:39.941 [AWT-EventQueue-0] DEBUG nextflow.executor.ExecutorFactory - Extension executors providers=[]
Sep-09 09:04:39.941 [AWT-EventQueue-0] DEBUG nextflow.Session - Observer factory: DefaultObserverFactory
Sep-09 09:04:39.942 [AWT-EventQueue-0] DEBUG nextflow.cache.CacheFactory - Using Nextflow cache factory: nextflow.cache.DefaultCacheFactory
Sep-09 09:04:39.948 [Thread-13] DEBUG nextflow.Session - Session start
Sep-09 09:04:39.965 [Thread-13] DEBUG nextflow.Session - Workflow process names [dsl2]: 
Sep-09 09:04:39.965 [Thread-13] DEBUG nextflow.Session - Igniting dataflow network (1)
Sep-09 09:04:39.965 [Thread-13] DEBUG nextflow.Session - Session await
Sep-09 09:04:39.965 [Thread-13] DEBUG nextflow.Session - Session await > all processes finished
Sep-09 09:04:39.965 [Thread-13] DEBUG nextflow.Session - Session await > all barriers passed
Sep-09 09:04:39.965 [PathVisitor-1] DEBUG nextflow.file.PathVisitor - files for syntax: glob; folder: /Users/ptv/working/raw_data/input/; pattern: *_R{1,2}.trimmed.fastq.gz; options: [:]
Sep-09 09:04:39.971 [Thread-13] DEBUG n.trace.WorkflowStatsObserver - Workflow completed > WorkflowStats[succeededCount=0; failedCount=0; ignoredCount=0; cachedCount=0; pendingCount=0; submittedCount=0; runningCount=0; retriesCount=0; abortedCount=0; succeedDuration=0ms; failedDuration=0ms; cachedDuration=0ms;loadCpus=0; loadMemory=0; peakRunning=0; peakCpus=0; peakMemory=0; ]
Sep-09 09:04:39.972 [Thread-13] DEBUG nextflow.cache.CacheDB - Closing CacheDB done
