Number of sequences analyzed:        47

Sequence 1 : /home/ptv/working/datasets/parsnp-examples/mers_virus/ref/England1.gbk.fna
England1.gbk.fna
Length:     30111 bps
 GC:   12399.0
 AT:   17712.0
Sequence 2 : /home/ptv/working/datasets/parsnp-examples/mers_virus/genomes//Al-Hasa_4_2013.fna
Al-Hasa_4_2013.fna
Length:     30081 bps
 GC:   12392.0
 AT:   17689.0
Sequence 3 : /home/ptv/working/datasets/parsnp-examples/mers_virus/genomes//Al-Hasa_1_2013.fna
Al-Hasa_1_2013.fna
Length:     30117 bps
 GC:   12406.0
 AT:   17711.0
Sequence 4 : /home/ptv/working/datasets/parsnp-examples/mers_virus/genomes//Riyadh_3_2013.fna
Riyadh_3_2013.fna
Length:     30064 bps
 GC:   12380.0
 AT:   17683.0
Sequence 5 : /home/ptv/working/datasets/parsnp-examples/mers_virus/genomes//Al-Hasa_19_2013.fna
Al-Hasa_19_2013.fna
Length:     30108 bps
 GC:   12402.0
 AT:   17706.0
Sequence 6 : /home/ptv/working/datasets/parsnp-examples/mers_virus/genomes//KFU-HKU_19Dam.fna
KFU-HKU_19Dam.fna
Length:     30099 bps
 GC:   12399.0
 AT:   17700.0
Sequence 7 : /home/ptv/working/datasets/parsnp-examples/mers_virus/genomes//Al-Hasa_25_2013.fna
Al-Hasa_25_2013.fna
Length:     30054 bps
 GC:   12383.0
 AT:   17671.0
Sequence 8 : /home/ptv/working/datasets/parsnp-examples/mers_virus/genomes//Qatar4.fna
Qatar4.fna
Length:     30086 bps
 GC:   12392.0
 AT:   17694.0
Sequence 9 : /home/ptv/working/datasets/parsnp-examples/mers_virus/genomes//Al-Hasa_17_2013.fna
Al-Hasa_17_2013.fna
Length:     30115 bps
 GC:   12407.0
 AT:   17708.0
Sequence 10 : /home/ptv/working/datasets/parsnp-examples/mers_virus/genomes//Indiana-USA-1_Saudi_Arabia_2014.fna
Indiana-USA-1_Saudi_Arabia_2014.fna
Length:     30123 bps
 GC:   12396.0
 AT:   17725.0
Sequence 11 : /home/ptv/working/datasets/parsnp-examples/mers_virus/genomes//Al-Hasa_16_2013.fna
Al-Hasa_16_2013.fna
Length:     30078 bps
 GC:   12386.0
 AT:   17691.0
Sequence 12 : /home/ptv/working/datasets/parsnp-examples/mers_virus/genomes//Qatar3.fna
Qatar3.fna
Length:     30090 bps
 GC:   12388.0
 AT:   17696.0
Sequence 13 : /home/ptv/working/datasets/parsnp-examples/mers_virus/genomes//Riyadh_4_2013.fna
Riyadh_4_2013.fna
Length:     30054 bps
 GC:   12383.0
 AT:   17671.0
Sequence 14 : /home/ptv/working/datasets/parsnp-examples/mers_virus/genomes//KSA-CAMEL-505.fna
KSA-CAMEL-505.fna
Length:     30113 bps
 GC:   12400.0
 AT:   17713.0
Sequence 15 : /home/ptv/working/datasets/parsnp-examples/mers_virus/genomes//KFU-HKU_13.fna
KFU-HKU_13.fna
Length:     30100 bps
 GC:   12399.0
 AT:   17701.0
Sequence 16 : /home/ptv/working/datasets/parsnp-examples/mers_virus/genomes//KSA-CAMEL-376.fna
KSA-CAMEL-376.fna
Length:     30116 bps
 GC:   12398.0
 AT:   17718.0
Sequence 17 : /home/ptv/working/datasets/parsnp-examples/mers_virus/genomes//Jeddah_1_2013.fna
Jeddah_1_2013.fna
Length:     29890 bps
 GC:   12308.0
 AT:   17582.0
Sequence 18 : /home/ptv/working/datasets/parsnp-examples/mers_virus/genomes//Riyadh_5_2013.fna
Riyadh_5_2013.fna
Length:     30055 bps
 GC:   12373.0
 AT:   17682.0
Sequence 19 : /home/ptv/working/datasets/parsnp-examples/mers_virus/genomes//NC_019843.2.fna
NC_019843.2.fna
Length:     30111 bps
 GC:   12399.0
 AT:   17712.0
Sequence 20 : /home/ptv/working/datasets/parsnp-examples/mers_virus/genomes//Bisha_1_2012.fna
Bisha_1_2012.fna
Length:     30056 bps
 GC:   12380.0
 AT:   17670.0
Sequence 21 : /home/ptv/working/datasets/parsnp-examples/mers_virus/genomes//KSA-CAMEL-378.fna
KSA-CAMEL-378.fna
Length:     30113 bps
 GC:   12398.0
 AT:   17715.0
Sequence 22 : /home/ptv/working/datasets/parsnp-examples/mers_virus/genomes//Buraidah_1_2013.fna
Buraidah_1_2013.fna
Length:     30081 bps
 GC:   12395.0
 AT:   17686.0
Sequence 23 : /home/ptv/working/datasets/parsnp-examples/mers_virus/genomes//Wadi-Ad-Dawasir_1_2013.fna
Wadi-Ad-Dawasir_1_2013.fna
Length:     30055 bps
 GC:   12375.0
 AT:   17680.0
Sequence 24 : /home/ptv/working/datasets/parsnp-examples/mers_virus/genomes//Riyadh_1_2012.fna
Riyadh_1_2012.fna
Length:     30063 bps
 GC:   12385.0
 AT:   17678.0
Sequence 25 : /home/ptv/working/datasets/parsnp-examples/mers_virus/genomes//Al-Hasa_3_2013.fna
Al-Hasa_3_2013.fna
Length:     30069 bps
 GC:   12383.0
 AT:   17686.0
Sequence 26 : /home/ptv/working/datasets/parsnp-examples/mers_virus/genomes//Hafr-Al-Batin_2_2013.fna
Hafr-Al-Batin_2_2013.fna
Length:     30055 bps
 GC:   12385.0
 AT:   17668.0
Sequence 27 : /home/ptv/working/datasets/parsnp-examples/mers_virus/genomes//Al-Hasa_21_2013.fna
Al-Hasa_21_2013.fna
Length:     30063 bps
 GC:   12385.0
 AT:   17678.0
Sequence 28 : /home/ptv/working/datasets/parsnp-examples/mers_virus/genomes//KF192507.1.fna
KF192507.1.fna
Length:     30123 bps
 GC:   12408.0
 AT:   17715.0
Sequence 29 : /home/ptv/working/datasets/parsnp-examples/mers_virus/genomes//EMC_2012.fna
EMC_2012.fna
Length:     30119 bps
 GC:   12420.0
 AT:   17699.0
Sequence 30 : /home/ptv/working/datasets/parsnp-examples/mers_virus/genomes//Jordan-N3_2012.fna
Jordan-N3_2012.fna
Length:     30030 bps
 GC:   12384.0
 AT:   17645.0
Sequence 31 : /home/ptv/working/datasets/parsnp-examples/mers_virus/genomes//Al-Hasa_15_2013.fna
Al-Hasa_15_2013.fna
Length:     30071 bps
 GC:   12383.0
 AT:   17686.0
Sequence 32 : /home/ptv/working/datasets/parsnp-examples/mers_virus/genomes//KJ477102.1.fna
KJ477102.1.fna
Length:     29908 bps
 GC:   12315.0
 AT:   17593.0
Sequence 33 : /home/ptv/working/datasets/parsnp-examples/mers_virus/genomes//Riyadh_2_2012.fna
Riyadh_2_2012.fna
Length:     30082 bps
 GC:   12394.0
 AT:   17688.0
Sequence 34 : /home/ptv/working/datasets/parsnp-examples/mers_virus/genomes//Al-Hasa_2_2013.fna
Al-Hasa_2_2013.fna
Length:     30113 bps
 GC:   12403.0
 AT:   17709.0
Sequence 35 : /home/ptv/working/datasets/parsnp-examples/mers_virus/genomes//KFU-HKU_1.fna
KFU-HKU_1.fna
Length:     30105 bps
 GC:   12401.0
 AT:   17704.0
Sequence 36 : /home/ptv/working/datasets/parsnp-examples/mers_virus/genomes//KSA-CAMEL-363.fna
KSA-CAMEL-363.fna
Length:     30083 bps
 GC:   12393.0
 AT:   17690.0
Sequence 37 : /home/ptv/working/datasets/parsnp-examples/mers_virus/genomes//Al-Hasa_18_2013.fna
Al-Hasa_18_2013.fna
Length:     30105 bps
 GC:   12405.0
 AT:   17700.0
Sequence 38 : /home/ptv/working/datasets/parsnp-examples/mers_virus/genomes//England-Qatar_2012.fna
England-Qatar_2012.fna
Length:     30112 bps
 GC:   12400.0
 AT:   17712.0
Sequence 39 : /home/ptv/working/datasets/parsnp-examples/mers_virus/genomes//England1.fna
England1.fna
Length:     30111 bps
 GC:   12399.0
 AT:   17712.0
Sequence 40 : /home/ptv/working/datasets/parsnp-examples/mers_virus/genomes//Hafr-Al-Batin_1_2013.fna
Hafr-Al-Batin_1_2013.fna
Length:     30104 bps
 GC:   12401.0
 AT:   17703.0
Sequence 41 : /home/ptv/working/datasets/parsnp-examples/mers_virus/genomes//FRA-UAE.fna
FRA-UAE.fna
Length:     29901 bps
 GC:   12326.0
 AT:   17575.0
Sequence 42 : /home/ptv/working/datasets/parsnp-examples/mers_virus/genomes//Taif_1_2013.fna
Taif_1_2013.fna
Length:     30055 bps
 GC:   12371.0
 AT:   17684.0
Sequence 43 : /home/ptv/working/datasets/parsnp-examples/mers_virus/genomes//KSA-CAMEL-503.fna
KSA-CAMEL-503.fna
Length:     30114 bps
 GC:   12391.0
 AT:   17723.0
Sequence 44 : /home/ptv/working/datasets/parsnp-examples/mers_virus/genomes//Riyadh_14_2013.fna
Riyadh_14_2013.fna
Length:     30055 bps
 GC:   12378.0
 AT:   17676.0
Sequence 45 : /home/ptv/working/datasets/parsnp-examples/mers_virus/genomes//Hafr-Al_Batin_6_2013.fna
Hafr-Al_Batin_6_2013.fna
Length:     30055 bps
 GC:   12386.0
 AT:   17668.0
Sequence 46 : /home/ptv/working/datasets/parsnp-examples/mers_virus/genomes//Riyadh_9_2013.fna
Riyadh_9_2013.fna
Length:     30055 bps
 GC:   12379.0
 AT:   17675.0
Sequence 47 : /home/ptv/working/datasets/parsnp-examples/mers_virus/genomes//Al-Hasa_12_2013.fna
Al-Hasa_12_2013.fna
Length:     30076 bps
 GC:   12388.0
 AT:   17688.0
d value:   300
q value:   30

Mum anchor size:   15.0
Number of MUM anchors found:   390
Number of MUMs found:   12
Total MUMs found((Anchors+MUMs)-filtered):   402

Random MUM length:   1 
Minimum Cluster length:   21
Number of MUMs filtered:   0 
Number of Clusters filtered:   0 

Number of clusters created:   5 
Average number of MUMs per cluster:   80
Average cluster length:   5944 bps
Cluster coverage in sequence 1:   98.7%
Cluster coverage in sequence 2:   98.8%
Cluster coverage in sequence 3:   98.7%
Cluster coverage in sequence 4:   98.9%
Cluster coverage in sequence 5:   98.7%
Cluster coverage in sequence 6:   98.8%
Cluster coverage in sequence 7:   98.9%
Cluster coverage in sequence 8:   98.8%
Cluster coverage in sequence 9:   98.7%
Cluster coverage in sequence 10:   98.7%
Cluster coverage in sequence 11:   98.8%
Cluster coverage in sequence 12:   98.8%
Cluster coverage in sequence 13:   98.9%
Cluster coverage in sequence 14:   98.7%
Cluster coverage in sequence 15:   98.8%
Cluster coverage in sequence 16:   98.7%
Cluster coverage in sequence 17:   99.4%
Cluster coverage in sequence 18:   98.9%
Cluster coverage in sequence 19:   98.7%
Cluster coverage in sequence 20:   98.9%
Cluster coverage in sequence 21:   98.7%
Cluster coverage in sequence 22:   98.8%
Cluster coverage in sequence 23:   98.9%
Cluster coverage in sequence 24:   98.9%
Cluster coverage in sequence 25:   98.9%
Cluster coverage in sequence 26:   98.9%
Cluster coverage in sequence 27:   98.9%
Cluster coverage in sequence 28:   98.7%
Cluster coverage in sequence 29:   98.7%
Cluster coverage in sequence 30:   99.0%
Cluster coverage in sequence 31:   98.9%
Cluster coverage in sequence 32:   99.4%
Cluster coverage in sequence 33:   98.8%
Cluster coverage in sequence 34:   98.7%
Cluster coverage in sequence 35:   98.7%
Cluster coverage in sequence 36:   98.8%
Cluster coverage in sequence 37:   98.7%
Cluster coverage in sequence 38:   98.7%
Cluster coverage in sequence 39:   98.7%
Cluster coverage in sequence 40:   98.7%
Cluster coverage in sequence 41:   99.4%
Cluster coverage in sequence 42:   98.9%
Cluster coverage in sequence 43:   98.7%
Cluster coverage in sequence 44:   98.9%
Cluster coverage in sequence 45:   98.9%
Cluster coverage in sequence 46:   98.9%
Cluster coverage in sequence 47:   98.8%
Total coverage among all sequences:   98.8%

 MUM anchor search elapsed time:   0.0s 
 MUM coarsening elapsed time:   0.0s 
 MUM filtering elapsed time:   0.0s 
 MUM clustering elapsed time:   0.0s 
 Inter-clustering elapsed time:   0.0s 
 Total running time:   0.0s 
